# JRE version: Java(TM) SE Runtime Environment (8.0_45-b14) (build 1.8.0_45-b14)
# Java VM: Java HotSpot(TM) 64-Bit Server VM (25.45-b02 mixed mode bsd-amd64 compressed oops)
Heap:
 PSYoungGen      total 35840K, used 4577K [0x0000000795580000, 0x0000000797d00000, 0x00000007c0000000)
  eden space 32256K, 5% used [0x0000000795580000,0x0000000795743590,0x0000000797500000)
  from space 3584K, 77% used [0x0000000797980000,0x0000000797c35050,0x0000000797d00000)
  to   space 4096K, 0% used [0x0000000797500000,0x0000000797500000,0x0000000797900000)
 ParOldGen       total 87552K, used 48K [0x0000000740000000, 0x0000000745580000, 0x0000000795580000)
  object space 87552K, 0% used [0x0000000740000000,0x000000074000c000,0x0000000745580000)
 Metaspace       used 11562K, capacity 12090K, committed 12160K, reserved 1060864K
  class space    used 1426K, capacity 1596K, committed 1664K, reserved 1048576K
GC Heap History (10 events):
Event: 76.145 GC heap before
{Heap before GC invocations=2 (full 0):
 PSYoungGen      total 38400K, used 36760K [0x0000000795580000, 0x0000000798000000, 0x00000007c0000000)
  eden space 33280K, 100% used [0x0000000795580000,0x0000000797600000,0x0000000797600000)
  from space 5120K, 67% used [0x0000000797600000,0x0000000797966050,0x0000000797b00000)
  to   space 5120K, 0% used [0x0000000797b00000,0x0000000797b00000,0x0000000798000000)
 ParOldGen       total 87552K, used 16K [0x0000000740000000, 0x0000000745580000, 0x0000000795580000)
  object space 87552K, 0% used [0x0000000740000000,0x0000000740004000,0x0000000745580000)
 Metaspace       used 11506K, capacity 11970K, committed 12160K, reserved 1060864K
  class space    used 1415K, capacity 1584K, committed 1664K, reserved 1048576K
Event: 76.159 GC heap after
Heap after GC invocations=2 (full 0):
 PSYoungGen      total 38400K, used 2788K [0x0000000795580000, 0x0000000798000000, 0x00000007c0000000)
  eden space 33280K, 0% used [0x0000000795580000,0x0000000795580000,0x0000000797600000)
  from space 5120K, 54% used [0x0000000797b00000,0x0000000797db9040,0x0000000798000000)
  to   space 5120K, 0% used [0x0000000797600000,0x0000000797600000,0x0000000797b00000)
 ParOldGen       total 87552K, used 24K [0x0000000740000000, 0x0000000745580000, 0x0000000795580000)
  object space 87552K, 0% used [0x0000000740000000,0x0000000740006000,0x0000000745580000)
 Metaspace       used 11506K, capacity 11970K, committed 12160K, reserved 1060864K
  class space    used 1415K, capacity 1584K, committed 1664K, reserved 1048576K
}
Event: 136.377 GC heap before
{Heap before GC invocations=3 (full 0):
 PSYoungGen      total 38400K, used 36068K [0x0000000795580000, 0x0000000798000000, 0x00000007c0000000)
  eden space 33280K, 100% used [0x0000000795580000,0x0000000797600000,0x0000000797600000)
  from space 5120K, 54% used [0x0000000797b00000,0x0000000797db9040,0x0000000798000000)
  to   space 5120K, 0% used [0x0000000797600000,0x0000000797600000,0x0000000797b00000)
 ParOldGen       total 87552K, used 24K [0x0000000740000000, 0x0000000745580000, 0x0000000795580000)
  object space 87552K, 0% used [0x0000000740000000,0x0000000740006000,0x0000000745580000)
 Metaspace       used 11507K, capacity 11970K, committed 12160K, reserved 1060864K
  class space    used 1416K, capacity 1584K, committed 1664K, reserved 1048576K
Event: 136.388 GC heap after
Heap after GC invocations=3 (full 0):
 PSYoungGen      total 38400K, used 3400K [0x0000000795580000, 0x0000000798000000, 0x00000007c0000000)
  eden space 33280K, 0% used [0x0000000795580000,0x0000000795580000,0x0000000797600000)
  from space 5120K, 66% used [0x0000000797600000,0x0000000797952040,0x0000000797b00000)
  to   space 5120K, 0% used [0x0000000797b00000,0x0000000797b00000,0x0000000798000000)
 ParOldGen       total 87552K, used 32K [0x0000000740000000, 0x0000000745580000, 0x0000000795580000)
  object space 87552K, 0% used [0x0000000740000000,0x0000000740008000,0x0000000745580000)
 Metaspace       used 11507K, capacity 11970K, committed 12160K, reserved 1060864K
  class space    used 1416K, capacity 1584K, committed 1664K, reserved 1048576K
}
Event: 199.124 GC heap before
{Heap before GC invocations=4 (full 0):
 PSYoungGen      total 38400K, used 36680K [0x0000000795580000, 0x0000000798000000, 0x00000007c0000000)
  eden space 33280K, 100% used [0x0000000795580000,0x0000000797600000,0x0000000797600000)
  from space 5120K, 66% used [0x0000000797600000,0x0000000797952040,0x0000000797b00000)
  to   space 5120K, 0% used [0x0000000797b00000,0x0000000797b00000,0x0000000798000000)
 ParOldGen       total 87552K, used 32K [0x0000000740000000, 0x0000000745580000, 0x0000000795580000)
  object space 87552K, 0% used [0x0000000740000000,0x0000000740008000,0x0000000745580000)
 Metaspace       used 11507K, capacity 11970K, committed 12160K, reserved 1060864K
  class space    used 1416K, capacity 1584K, committed 1664K, reserved 1048576K
Event: 199.135 GC heap after
Heap after GC invocations=4 (full 0):
 PSYoungGen      total 38400K, used 2724K [0x0000000795580000, 0x0000000798000000, 0x00000007c0000000)
  eden space 33280K, 0% used [0x0000000795580000,0x0000000795580000,0x0000000797600000)
  from space 5120K, 53% used [0x0000000797b00000,0x0000000797da9040,0x0000000798000000)
  to   space 5120K, 0% used [0x0000000797600000,0x0000000797600000,0x0000000797b00000)
 ParOldGen       total 87552K, used 32K [0x0000000740000000, 0x0000000745580000, 0x0000000795580000)
  object space 87552K, 0% used [0x0000000740000000,0x0000000740008000,0x0000000745580000)
 Metaspace       used 11507K, capacity 11970K, committed 12160K, reserved 1060864K
  class space    used 1416K, capacity 1584K, committed 1664K, reserved 1048576K
}
Event: 261.716 GC heap before
{Heap before GC invocations=5 (full 0):
 PSYoungGen      total 38400K, used 36004K [0x0000000795580000, 0x0000000798000000, 0x00000007c0000000)
  eden space 33280K, 100% used [0x0000000795580000,0x0000000797600000,0x0000000797600000)
  from space 5120K, 53% used [0x0000000797b00000,0x0000000797da9040,0x0000000798000000)
  to   space 5120K, 0% used [0x0000000797600000,0x0000000797600000,0x0000000797b00000)
 ParOldGen       total 87552K, used 32K [0x0000000740000000, 0x0000000745580000, 0x0000000795580000)
  object space 87552K, 0% used [0x0000000740000000,0x0000000740008000,0x0000000745580000)
 Metaspace       used 11508K, capacity 11970K, committed 12160K, reserved 1060864K
  class space    used 1416K, capacity 1584K, committed 1664K, reserved 1048576K
Event: 261.742 GC heap after
Heap after GC invocations=5 (full 0):
 PSYoungGen      total 35840K, used 2788K [0x0000000795580000, 0x0000000797d80000, 0x00000007c0000000)
  eden space 32768K, 0% used [0x0000000795580000,0x0000000795580000,0x0000000797580000)
  from space 3072K, 90% used [0x0000000797600000,0x00000007978b9040,0x0000000797900000)
  to   space 4096K, 0% used [0x0000000797980000,0x0000000797980000,0x0000000797d80000)
 ParOldGen       total 87552K, used 40K [0x0000000740000000, 0x0000000745580000, 0x0000000795580000)
  object space 87552K, 0% used [0x0000000740000000,0x000000074000a000,0x0000000745580000)
 Metaspace       used 11508K, capacity 11970K, committed 12160K, reserved 1060864K
  class space    used 1416K, capacity 1584K, committed 1664K, reserved 1048576K
}
Event: 320.683 GC heap before
{Heap before GC invocations=6 (full 0):
 PSYoungGen      total 35840K, used 35556K [0x0000000795580000, 0x0000000797d80000, 0x00000007c0000000)
  eden space 32768K, 100% used [0x0000000795580000,0x0000000797580000,0x0000000797580000)
  from space 3072K, 90% used [0x0000000797600000,0x00000007978b9040,0x0000000797900000)
  to   space 4096K, 0% used [0x0000000797980000,0x0000000797980000,0x0000000797d80000)
 ParOldGen       total 87552K, used 40K [0x0000000740000000, 0x0000000745580000, 0x0000000795580000)
  object space 87552K, 0% used [0x0000000740000000,0x000000074000a000,0x0000000745580000)
 Metaspace       used 11510K, capacity 11970K, committed 12160K, reserved 1060864K
  class space    used 1416K, capacity 1584K, committed 1664K, reserved 1048576K
Event: 320.715 GC heap after
Heap after GC invocations=6 (full 0):
 PSYoungGen      total 35840K, used 2772K [0x0000000795580000, 0x0000000797d00000, 0x00000007c0000000)
  eden space 32256K, 0% used [0x0000000795580000,0x0000000795580000,0x0000000797500000)
  from space 3584K, 77% used [0x0000000797980000,0x0000000797c35050,0x0000000797d00000)
  to   space 4096K, 0% used [0x0000000797500000,0x0000000797500000,0x0000000797900000)
 ParOldGen       total 87552K, used 48K [0x0000000740000000, 0x0000000745580000, 0x0000000795580000)
  object space 87552K, 0% used [0x0000000740000000,0x000000074000c000,0x0000000745580000)
 Metaspace       used 11510K, capacity 11970K, committed 12160K, reserved 1060864K
  class space    used 1416K, capacity 1584K, committed 1664K, reserved 1048576K
}

