# JRE version: Java(TM) SE Runtime Environment (8.0_45-b14) (build 1.8.0_45-b14)
# Java VM: Java HotSpot(TM) 64-Bit Server VM (25.45-b02 mixed mode bsd-amd64 compressed oops)
Heap:
 PSYoungGen      total 35840K, used 10893K [0x0000000795580000, 0x0000000797c80000, 0x00000007c0000000)
  eden space 32768K, 24% used [0x0000000795580000,0x0000000795d6e778,0x0000000797580000)
  from space 3072K, 90% used [0x0000000797600000,0x00000007978b5030,0x0000000797900000)
  to   space 3584K, 0% used [0x0000000797900000,0x0000000797900000,0x0000000797c80000)
 ParOldGen       total 87552K, used 40K [0x0000000740000000, 0x0000000745580000, 0x0000000795580000)
  object space 87552K, 0% used [0x0000000740000000,0x000000074000a000,0x0000000745580000)
 Metaspace       used 11566K, capacity 12158K, committed 12416K, reserved 1060864K
  class space    used 1427K, capacity 1596K, committed 1664K, reserved 1048576K
GC Heap History (10 events):
Event: 21.683 GC heap before
{Heap before GC invocations=1 (full 0):
 PSYoungGen      total 38400K, used 33280K [0x0000000795580000, 0x0000000798000000, 0x00000007c0000000)
  eden space 33280K, 100% used [0x0000000795580000,0x0000000797600000,0x0000000797600000)
  from space 5120K, 0% used [0x0000000797b00000,0x0000000797b00000,0x0000000798000000)
  to   space 5120K, 0% used [0x0000000797600000,0x0000000797600000,0x0000000797b00000)
 ParOldGen       total 87552K, used 0K [0x0000000740000000, 0x0000000745580000, 0x0000000795580000)
  object space 87552K, 0% used [0x0000000740000000,0x0000000740000000,0x0000000745580000)
 Metaspace       used 11414K, capacity 11914K, committed 12160K, reserved 1060864K
  class space    used 1399K, capacity 1568K, committed 1664K, reserved 1048576K
Event: 21.695 GC heap after
Heap after GC invocations=1 (full 0):
 PSYoungGen      total 38400K, used 3496K [0x0000000795580000, 0x0000000798000000, 0x00000007c0000000)
  eden space 33280K, 0% used [0x0000000795580000,0x0000000795580000,0x0000000797600000)
  from space 5120K, 68% used [0x0000000797600000,0x000000079796a040,0x0000000797b00000)
  to   space 5120K, 0% used [0x0000000797b00000,0x0000000797b00000,0x0000000798000000)
 ParOldGen       total 87552K, used 16K [0x0000000740000000, 0x0000000745580000, 0x0000000795580000)
  object space 87552K, 0% used [0x0000000740000000,0x0000000740004000,0x0000000745580000)
 Metaspace       used 11414K, capacity 11914K, committed 12160K, reserved 1060864K
  class space    used 1399K, capacity 1568K, committed 1664K, reserved 1048576K
}
Event: 77.893 GC heap before
{Heap before GC invocations=2 (full 0):
 PSYoungGen      total 38400K, used 36776K [0x0000000795580000, 0x0000000798000000, 0x00000007c0000000)
  eden space 33280K, 100% used [0x0000000795580000,0x0000000797600000,0x0000000797600000)
  from space 5120K, 68% used [0x0000000797600000,0x000000079796a040,0x0000000797b00000)
  to   space 5120K, 0% used [0x0000000797b00000,0x0000000797b00000,0x0000000798000000)
 ParOldGen       total 87552K, used 16K [0x0000000740000000, 0x0000000745580000, 0x0000000795580000)
  object space 87552K, 0% used [0x0000000740000000,0x0000000740004000,0x0000000745580000)
 Metaspace       used 11512K, capacity 11974K, committed 12160K, reserved 1060864K
  class space    used 1416K, capacity 1584K, committed 1664K, reserved 1048576K
Event: 77.906 GC heap after
Heap after GC invocations=2 (full 0):
 PSYoungGen      total 38400K, used 2772K [0x0000000795580000, 0x0000000798000000, 0x00000007c0000000)
  eden space 33280K, 0% used [0x0000000795580000,0x0000000795580000,0x0000000797600000)
  from space 5120K, 54% used [0x0000000797b00000,0x0000000797db5050,0x0000000798000000)
  to   space 5120K, 0% used [0x0000000797600000,0x0000000797600000,0x0000000797b00000)
 ParOldGen       total 87552K, used 24K [0x0000000740000000, 0x0000000745580000, 0x0000000795580000)
  object space 87552K, 0% used [0x0000000740000000,0x0000000740006000,0x0000000745580000)
 Metaspace       used 11512K, capacity 11974K, committed 12160K, reserved 1060864K
  class space    used 1416K, capacity 1584K, committed 1664K, reserved 1048576K
}
Event: 139.256 GC heap before
{Heap before GC invocations=3 (full 0):
 PSYoungGen      total 38400K, used 36052K [0x0000000795580000, 0x0000000798000000, 0x00000007c0000000)
  eden space 33280K, 100% used [0x0000000795580000,0x0000000797600000,0x0000000797600000)
  from space 5120K, 54% used [0x0000000797b00000,0x0000000797db5050,0x0000000798000000)
  to   space 5120K, 0% used [0x0000000797600000,0x0000000797600000,0x0000000797b00000)
 ParOldGen       total 87552K, used 24K [0x0000000740000000, 0x0000000745580000, 0x0000000795580000)
  object space 87552K, 0% used [0x0000000740000000,0x0000000740006000,0x0000000745580000)
 Metaspace       used 11513K, capacity 11974K, committed 12160K, reserved 1060864K
  class space    used 1417K, capacity 1584K, committed 1664K, reserved 1048576K
Event: 139.277 GC heap after
Heap after GC invocations=3 (full 0):
 PSYoungGen      total 38400K, used 2756K [0x0000000795580000, 0x0000000798000000, 0x00000007c0000000)
  eden space 33280K, 0% used [0x0000000795580000,0x0000000795580000,0x0000000797600000)
  from space 5120K, 53% used [0x0000000797600000,0x00000007978b1040,0x0000000797b00000)
  to   space 5120K, 0% used [0x0000000797b00000,0x0000000797b00000,0x0000000798000000)
 ParOldGen       total 87552K, used 32K [0x0000000740000000, 0x0000000745580000, 0x0000000795580000)
  object space 87552K, 0% used [0x0000000740000000,0x0000000740008000,0x0000000745580000)
 Metaspace       used 11513K, capacity 11974K, committed 12160K, reserved 1060864K
  class space    used 1417K, capacity 1584K, committed 1664K, reserved 1048576K
}
Event: 201.802 GC heap before
{Heap before GC invocations=4 (full 0):
 PSYoungGen      total 38400K, used 36036K [0x0000000795580000, 0x0000000798000000, 0x00000007c0000000)
  eden space 33280K, 100% used [0x0000000795580000,0x0000000797600000,0x0000000797600000)
  from space 5120K, 53% used [0x0000000797600000,0x00000007978b1040,0x0000000797b00000)
  to   space 5120K, 0% used [0x0000000797b00000,0x0000000797b00000,0x0000000798000000)
 ParOldGen       total 87552K, used 32K [0x0000000740000000, 0x0000000745580000, 0x0000000795580000)
  object space 87552K, 0% used [0x0000000740000000,0x0000000740008000,0x0000000745580000)
 Metaspace       used 11515K, capacity 11974K, committed 12160K, reserved 1060864K
  class space    used 1417K, capacity 1584K, committed 1664K, reserved 1048576K
Event: 201.835 GC heap after
Heap after GC invocations=4 (full 0):
 PSYoungGen      total 38400K, used 2740K [0x0000000795580000, 0x0000000798000000, 0x00000007c0000000)
  eden space 33280K, 0% used [0x0000000795580000,0x0000000795580000,0x0000000797600000)
  from space 5120K, 53% used [0x0000000797b00000,0x0000000797dad050,0x0000000798000000)
  to   space 5120K, 0% used [0x0000000797600000,0x0000000797600000,0x0000000797b00000)
 ParOldGen       total 87552K, used 32K [0x0000000740000000, 0x0000000745580000, 0x0000000795580000)
  object space 87552K, 0% used [0x0000000740000000,0x0000000740008000,0x0000000745580000)
 Metaspace       used 11515K, capacity 11974K, committed 12160K, reserved 1060864K
  class space    used 1417K, capacity 1584K, committed 1664K, reserved 1048576K
}
Event: 263.163 GC heap before
{Heap before GC invocations=5 (full 0):
 PSYoungGen      total 38400K, used 36020K [0x0000000795580000, 0x0000000798000000, 0x00000007c0000000)
  eden space 33280K, 100% used [0x0000000795580000,0x0000000797600000,0x0000000797600000)
  from space 5120K, 53% used [0x0000000797b00000,0x0000000797dad050,0x0000000798000000)
  to   space 5120K, 0% used [0x0000000797600000,0x0000000797600000,0x0000000797b00000)
 ParOldGen       total 87552K, used 32K [0x0000000740000000, 0x0000000745580000, 0x0000000795580000)
  object space 87552K, 0% used [0x0000000740000000,0x0000000740008000,0x0000000745580000)
 Metaspace       used 11516K, capacity 11974K, committed 12160K, reserved 1060864K
  class space    used 1417K, capacity 1584K, committed 1664K, reserved 1048576K
Event: 263.199 GC heap after
Heap after GC invocations=5 (full 0):
 PSYoungGen      total 35840K, used 2772K [0x0000000795580000, 0x0000000797c80000, 0x00000007c0000000)
  eden space 32768K, 0% used [0x0000000795580000,0x0000000795580000,0x0000000797580000)
  from space 3072K, 90% used [0x0000000797600000,0x00000007978b5030,0x0000000797900000)
  to   space 3584K, 0% used [0x0000000797900000,0x0000000797900000,0x0000000797c80000)
 ParOldGen       total 87552K, used 40K [0x0000000740000000, 0x0000000745580000, 0x0000000795580000)
  object space 87552K, 0% used [0x0000000740000000,0x000000074000a000,0x0000000745580000)
 Metaspace       used 11516K, capacity 11974K, committed 12160K, reserved 1060864K
  class space    used 1417K, capacity 1584K, committed 1664K, reserved 1048576K
}

