# JRE version: Java(TM) SE Runtime Environment (8.0_45-b14) (build 1.8.0_45-b14)
# Java VM: Java HotSpot(TM) 64-Bit Server VM (25.45-b02 mixed mode bsd-amd64 compressed oops)
Heap:
 PSYoungGen      total 35840K, used 17848K [0x0000000795580000, 0x0000000797e00000, 0x00000007c0000000)
  eden space 31232K, 57% used [0x0000000795580000,0x00000007966e6208,0x0000000797400000)
  from space 4608K, 0% used [0x0000000797900000,0x0000000797908000,0x0000000797d80000)
  to   space 5120K, 0% used [0x0000000797400000,0x0000000797400000,0x0000000797900000)
 ParOldGen       total 87552K, used 2799K [0x0000000740000000, 0x0000000745580000, 0x0000000795580000)
  object space 87552K, 3% used [0x0000000740000000,0x00000007402bbc58,0x0000000745580000)
 Metaspace       used 11592K, capacity 12158K, committed 12416K, reserved 1060864K
  class space    used 1427K, capacity 1596K, committed 1664K, reserved 1048576K
GC Heap History (10 events):
Event: 199.961 GC heap before
{Heap before GC invocations=4 (full 0):
 PSYoungGen      total 38400K, used 36680K [0x0000000795580000, 0x0000000798000000, 0x00000007c0000000)
  eden space 33280K, 100% used [0x0000000795580000,0x0000000797600000,0x0000000797600000)
  from space 5120K, 66% used [0x0000000797600000,0x0000000797952040,0x0000000797b00000)
  to   space 5120K, 0% used [0x0000000797b00000,0x0000000797b00000,0x0000000798000000)
 ParOldGen       total 87552K, used 34K [0x0000000740000000, 0x0000000745580000, 0x0000000795580000)
  object space 87552K, 0% used [0x0000000740000000,0x0000000740008bc8,0x0000000745580000)
 Metaspace       used 11538K, capacity 12038K, committed 12160K, reserved 1060864K
  class space    used 1417K, capacity 1584K, committed 1664K, reserved 1048576K
Event: 199.971 GC heap after
Heap after GC invocations=4 (full 0):
 PSYoungGen      total 38400K, used 2804K [0x0000000795580000, 0x0000000798000000, 0x00000007c0000000)
  eden space 33280K, 0% used [0x0000000795580000,0x0000000795580000,0x0000000797600000)
  from space 5120K, 54% used [0x0000000797b00000,0x0000000797dbd050,0x0000000798000000)
  to   space 5120K, 0% used [0x0000000797600000,0x0000000797600000,0x0000000797b00000)
 ParOldGen       total 87552K, used 42K [0x0000000740000000, 0x0000000745580000, 0x0000000795580000)
  object space 87552K, 0% used [0x0000000740000000,0x000000074000abc8,0x0000000745580000)
 Metaspace       used 11538K, capacity 12038K, committed 12160K, reserved 1060864K
  class space    used 1417K, capacity 1584K, committed 1664K, reserved 1048576K
}
Event: 262.925 GC heap before
{Heap before GC invocations=5 (full 0):
 PSYoungGen      total 38400K, used 36084K [0x0000000795580000, 0x0000000798000000, 0x00000007c0000000)
  eden space 33280K, 100% used [0x0000000795580000,0x0000000797600000,0x0000000797600000)
  from space 5120K, 54% used [0x0000000797b00000,0x0000000797dbd050,0x0000000798000000)
  to   space 5120K, 0% used [0x0000000797600000,0x0000000797600000,0x0000000797b00000)
 ParOldGen       total 87552K, used 42K [0x0000000740000000, 0x0000000745580000, 0x0000000795580000)
  object space 87552K, 0% used [0x0000000740000000,0x000000074000abc8,0x0000000745580000)
 Metaspace       used 11539K, capacity 12038K, committed 12160K, reserved 1060864K
  class space    used 1417K, capacity 1584K, committed 1664K, reserved 1048576K
Event: 262.939 GC heap after
Heap after GC invocations=5 (full 0):
 PSYoungGen      total 35840K, used 2788K [0x0000000795580000, 0x0000000797d80000, 0x00000007c0000000)
  eden space 32768K, 0% used [0x0000000795580000,0x0000000795580000,0x0000000797580000)
  from space 3072K, 90% used [0x0000000797600000,0x00000007978b9040,0x0000000797900000)
  to   space 4096K, 0% used [0x0000000797980000,0x0000000797980000,0x0000000797d80000)
 ParOldGen       total 87552K, used 50K [0x0000000740000000, 0x0000000745580000, 0x0000000795580000)
  object space 87552K, 0% used [0x0000000740000000,0x000000074000cbc8,0x0000000745580000)
 Metaspace       used 11539K, capacity 12038K, committed 12160K, reserved 1060864K
  class space    used 1417K, capacity 1584K, committed 1664K, reserved 1048576K
}
Event: 326.276 GC heap before
{Heap before GC invocations=6 (full 0):
 PSYoungGen      total 35840K, used 35556K [0x0000000795580000, 0x0000000797d80000, 0x00000007c0000000)
  eden space 32768K, 100% used [0x0000000795580000,0x0000000797580000,0x0000000797580000)
  from space 3072K, 90% used [0x0000000797600000,0x00000007978b9040,0x0000000797900000)
  to   space 4096K, 0% used [0x0000000797980000,0x0000000797980000,0x0000000797d80000)
 ParOldGen       total 87552K, used 50K [0x0000000740000000, 0x0000000745580000, 0x0000000795580000)
  object space 87552K, 0% used [0x0000000740000000,0x000000074000cbc8,0x0000000745580000)
 Metaspace       used 11539K, capacity 12038K, committed 12160K, reserved 1060864K
  class space    used 1417K, capacity 1584K, committed 1664K, reserved 1048576K
Event: 326.302 GC heap after
Heap after GC invocations=6 (full 0):
 PSYoungGen      total 35840K, used 2756K [0x0000000795580000, 0x0000000797d00000, 0x00000007c0000000)
  eden space 32256K, 0% used [0x0000000795580000,0x0000000795580000,0x0000000797500000)
  from space 3584K, 76% used [0x0000000797980000,0x0000000797c31040,0x0000000797d00000)
  to   space 4096K, 0% used [0x0000000797500000,0x0000000797500000,0x0000000797900000)
 ParOldGen       total 87552K, used 58K [0x0000000740000000, 0x0000000745580000, 0x0000000795580000)
  object space 87552K, 0% used [0x0000000740000000,0x000000074000ebc8,0x0000000745580000)
 Metaspace       used 11539K, capacity 12038K, committed 12160K, reserved 1060864K
  class space    used 1417K, capacity 1584K, committed 1664K, reserved 1048576K
}
Event: 388.734 GC heap before
{Heap before GC invocations=7 (full 0):
 PSYoungGen      total 35840K, used 35012K [0x0000000795580000, 0x0000000797d00000, 0x00000007c0000000)
  eden space 32256K, 100% used [0x0000000795580000,0x0000000797500000,0x0000000797500000)
  from space 3584K, 76% used [0x0000000797980000,0x0000000797c31040,0x0000000797d00000)
  to   space 4096K, 0% used [0x0000000797500000,0x0000000797500000,0x0000000797900000)
 ParOldGen       total 87552K, used 58K [0x0000000740000000, 0x0000000745580000, 0x0000000795580000)
  object space 87552K, 0% used [0x0000000740000000,0x000000074000ebc8,0x0000000745580000)
 Metaspace       used 11539K, capacity 12038K, committed 12160K, reserved 1060864K
  class space    used 1417K, capacity 1584K, committed 1664K, reserved 1048576K
Event: 388.758 GC heap after
Heap after GC invocations=7 (full 0):
 PSYoungGen      total 35840K, used 128K [0x0000000795580000, 0x0000000797d80000, 0x00000007c0000000)
  eden space 31744K, 0% used [0x0000000795580000,0x0000000795580000,0x0000000797480000)
  from space 4096K, 3% used [0x0000000797500000,0x0000000797520000,0x0000000797900000)
  to   space 4608K, 0% used [0x0000000797900000,0x0000000797900000,0x0000000797d80000)
 ParOldGen       total 87552K, used 2783K [0x0000000740000000, 0x0000000745580000, 0x0000000795580000)
  object space 87552K, 3% used [0x0000000740000000,0x00000007402b7c58,0x0000000745580000)
 Metaspace       used 11539K, capacity 12038K, committed 12160K, reserved 1060864K
  class space    used 1417K, capacity 1584K, committed 1664K, reserved 1048576K
}
Event: 448.897 GC heap before
{Heap before GC invocations=8 (full 0):
 PSYoungGen      total 35840K, used 31872K [0x0000000795580000, 0x0000000797d80000, 0x00000007c0000000)
  eden space 31744K, 100% used [0x0000000795580000,0x0000000797480000,0x0000000797480000)
  from space 4096K, 3% used [0x0000000797500000,0x0000000797520000,0x0000000797900000)
  to   space 4608K, 0% used [0x0000000797900000,0x0000000797900000,0x0000000797d80000)
 ParOldGen       total 87552K, used 2783K [0x0000000740000000, 0x0000000745580000, 0x0000000795580000)
  object space 87552K, 3% used [0x0000000740000000,0x00000007402b7c58,0x0000000745580000)
 Metaspace       used 11541K, capacity 12038K, committed 12160K, reserved 1060864K
  class space    used 1417K, capacity 1584K, committed 1664K, reserved 1048576K
Event: 448.905 GC heap after
Heap after GC invocations=8 (full 0):
 PSYoungGen      total 35840K, used 32K [0x0000000795580000, 0x0000000797e00000, 0x00000007c0000000)
  eden space 31232K, 0% used [0x0000000795580000,0x0000000795580000,0x0000000797400000)
  from space 4608K, 0% used [0x0000000797900000,0x0000000797908000,0x0000000797d80000)
  to   space 5120K, 0% used [0x0000000797400000,0x0000000797400000,0x0000000797900000)
 ParOldGen       total 87552K, used 2799K [0x0000000740000000, 0x0000000745580000, 0x0000000795580000)
  object space 87552K, 3% used [0x0000000740000000,0x00000007402bbc58,0x0000000745580000)
 Metaspace       used 11541K, capacity 12038K, committed 12160K, reserved 1060864K
  class space    used 1417K, capacity 1584K, committed 1664K, reserved 1048576K
}

